0 info it worked if it ends with ok
1 verbose cli [ '/usr/local/bin/node',
1 verbose cli   '/usr/local/bin/npm',
1 verbose cli   'run',
1 verbose cli   'start:prod' ]
2 info using npm@3.8.3
3 info using node@v5.10.1
4 verbose run-script [ 'prestart:prod', 'start:prod', 'poststart:prod' ]
5 info lifecycle twitter-trends@1.0.1~prestart:prod: twitter-trends@1.0.1
6 silly lifecycle twitter-trends@1.0.1~prestart:prod: no script for prestart:prod, continuing
7 info lifecycle twitter-trends@1.0.1~start:prod: twitter-trends@1.0.1
8 verbose lifecycle twitter-trends@1.0.1~start:prod: unsafe-perm in lifecycle true
9 verbose lifecycle twitter-trends@1.0.1~start:prod: PATH: /usr/local/lib/node_modules/npm/bin/node-gyp-bin:/Users/benspeir/Workspace/TwitterTrends/node_modules/.bin:/usr/local/bin:/Library/Frameworks/Python.framework/Versions/3.4/bin:/usr/bin:/bin:/usr/sbin:/sbin:/usr/local/bin:/opt/X11/bin
10 verbose lifecycle twitter-trends@1.0.1~start:prod: CWD: /Users/benspeir/Workspace/TwitterTrends
11 silly lifecycle twitter-trends@1.0.1~start:prod: Args: [ '-c', 'NODE_ENV=prod node server.js' ]
12 silly lifecycle twitter-trends@1.0.1~start:prod: Returned: code: 1  signal: null
13 info lifecycle twitter-trends@1.0.1~start:prod: Failed to exec start:prod script
14 verbose stack Error: twitter-trends@1.0.1 start:prod: `NODE_ENV=prod node server.js`
14 verbose stack Exit status 1
14 verbose stack     at EventEmitter.<anonymous> (/usr/local/lib/node_modules/npm/lib/utils/lifecycle.js:239:16)
14 verbose stack     at emitTwo (events.js:100:13)
14 verbose stack     at EventEmitter.emit (events.js:185:7)
14 verbose stack     at ChildProcess.<anonymous> (/usr/local/lib/node_modules/npm/lib/utils/spawn.js:24:14)
14 verbose stack     at emitTwo (events.js:100:13)
14 verbose stack     at ChildProcess.emit (events.js:185:7)
14 verbose stack     at maybeClose (internal/child_process.js:850:16)
14 verbose stack     at Process.ChildProcess._handle.onexit (internal/child_process.js:215:5)
15 verbose pkgid twitter-trends@1.0.1
16 verbose cwd /Users/benspeir/Workspace/TwitterTrends
17 error Darwin 15.6.0
18 error argv "/usr/local/bin/node" "/usr/local/bin/npm" "run" "start:prod"
19 error node v5.10.1
20 error npm  v3.8.3
21 error code ELIFECYCLE
22 error twitter-trends@1.0.1 start:prod: `NODE_ENV=prod node server.js`
22 error Exit status 1
23 error Failed at the twitter-trends@1.0.1 start:prod script 'NODE_ENV=prod node server.js'.
23 error Make sure you have the latest version of node.js and npm installed.
23 error If you do, this is most likely a problem with the twitter-trends package,
23 error not with npm itself.
23 error Tell the author that this fails on your system:
23 error     NODE_ENV=prod node server.js
23 error You can get information on how to open an issue for this project with:
23 error     npm bugs twitter-trends
23 error Or if that isn't available, you can get their info via:
23 error     npm owner ls twitter-trends
23 error There is likely additional logging output above.
24 verbose exit [ 1, true ]
